<?xml version="1.0" encoding="UTF-8"?>
<!-- Generated by org.testng.reporters.JUnitXMLReporter -->
<testsuite hostname="E003626170A" ignored="2" name="Test" tests="3" failures="0" timestamp="27 Ara 2018 11:51:52 GMT" time="34.801" errors="0">
  <testcase name="VerifyPackageSelection" time="11.104" classname="SamplePackage1.Scenarios"/>
  <testcase name="VerifyRegistiration" time="13.266" classname="SamplePackage1.Scenarios"/>
  <testcase name="VerifyPaymentPanel" time="5.803" classname="SamplePackage1.Scenarios"/>
  <testcase name="@AfterTest tearDown" time="0.0" classname="SamplePackage1.BaseClass">
    <ignored/>
  </testcase> <!-- @AfterTest tearDown -->
  <testcase name="@BeforeTest StartUp" time="0.0" classname="SamplePackage1.BaseClass">
    <ignored/>
  </testcase> <!-- @BeforeTest StartUp -->
</testsuite> <!-- Test -->
